Jan 09, 2019 1:37:24 PM com.ca.gateway.rest.commandline.command.GatewayCommand setClientConfig
WARNING: TLS hostname verification has been disabled
Jan 09, 2019 1:37:24 PM com.ca.gateway.rest.commandline.command.GatewayCommand setClientConfig
WARNING: TLS server certificate check has been disabled
Jan 09, 2019 1:37:24 PM com.ca.gateway.rest.commandline.command.Command runCommand
INFO: Running Command: migrateIn
Jan 09, 2019 1:37:26 PM com.ca.gateway.rest.commandline.command.MigrateInCommand run
WARNING: Migrate in failed: Conflict
Jan 09, 2019 1:37:26 PM com.ca.gateway.rest.commandline.command.Command runCommand
WARNING: Error executing command
java.lang.IllegalArgumentException: Migrate in failed: Conflict
	at com.ca.gateway.rest.commandline.command.MigrateInCommand.run(Unknown Source)
	at com.ca.gateway.rest.commandline.command.GatewayCommand.run(Unknown Source)
	at com.ca.gateway.rest.commandline.command.Command.runCommand(Unknown Source)
	at com.ca.gateway.rest.commandline.Main.main(Unknown Source)

Jan 09, 2019 1:39:41 PM com.ca.gateway.rest.commandline.command.GatewayCommand setClientConfig
WARNING: TLS hostname verification has been disabled
Jan 09, 2019 1:39:41 PM com.ca.gateway.rest.commandline.command.GatewayCommand setClientConfig
WARNING: TLS server certificate check has been disabled
Jan 09, 2019 1:39:41 PM com.ca.gateway.rest.commandline.command.Command runCommand
INFO: Running Command: migrateIn
Jan 30, 2019 8:36:00 AM com.ca.gateway.rest.commandline.command.GatewayCommand setClientConfig
WARNING: TLS hostname verification has been disabled
Jan 30, 2019 8:36:00 AM com.ca.gateway.rest.commandline.command.GatewayCommand setClientConfig
WARNING: TLS server certificate check has been disabled
Jan 30, 2019 8:36:00 AM com.ca.gateway.rest.commandline.command.Command runCommand
INFO: Running Command: browse
Jan 30, 2019 8:38:06 AM com.ca.gateway.rest.commandline.command.GatewayCommand setClientConfig
WARNING: TLS hostname verification has been disabled
Jan 30, 2019 8:38:06 AM com.ca.gateway.rest.commandline.command.GatewayCommand setClientConfig
WARNING: TLS server certificate check has been disabled
Jan 30, 2019 8:38:06 AM com.ca.gateway.rest.commandline.command.Command runCommand
INFO: Running Command: migrateIn
Jan 30, 2019 8:38:08 AM com.ca.gateway.rest.commandline.command.Command runCommand
WARNING: Error executing command
java.lang.RuntimeException: Error saving results': GMU_Artifacts/sample_api_migrate/results/gw1_to_gw2.xml
	at com.ca.gateway.rest.commandline.command.MigrateInCommand.a(Unknown Source)
	at com.ca.gateway.rest.commandline.command.MigrateInCommand.run(Unknown Source)
	at com.ca.gateway.rest.commandline.command.GatewayCommand.run(Unknown Source)
	at com.ca.gateway.rest.commandline.command.Command.runCommand(Unknown Source)
	at com.ca.gateway.rest.commandline.Main.main(Unknown Source)
Caused by: java.nio.file.NoSuchFileException: GMU_Artifacts/sample_api_migrate/results/gw1_to_gw2.xml
	at sun.nio.fs.UnixException.translateToIOException(UnixException.java:86)
	at sun.nio.fs.UnixException.rethrowAsIOException(UnixException.java:102)
	at sun.nio.fs.UnixException.rethrowAsIOException(UnixException.java:107)
	at sun.nio.fs.UnixFileSystemProvider.newByteChannel(UnixFileSystemProvider.java:214)
	at java.nio.file.spi.FileSystemProvider.newOutputStream(FileSystemProvider.java:434)
	at java.nio.file.Files.newOutputStream(Files.java:216)
	... 5 more

Jan 30, 2019 8:39:12 AM com.ca.gateway.rest.commandline.command.GatewayCommand setClientConfig
WARNING: TLS hostname verification has been disabled
Jan 30, 2019 8:39:12 AM com.ca.gateway.rest.commandline.command.GatewayCommand setClientConfig
WARNING: TLS server certificate check has been disabled
Jan 30, 2019 8:39:12 AM com.ca.gateway.rest.commandline.command.Command runCommand
INFO: Running Command: migrateIn
Jan 31, 2019 9:11:25 AM com.ca.gateway.rest.commandline.command.GatewayCommand setClientConfig
WARNING: TLS hostname verification has been disabled
Jan 31, 2019 9:11:25 AM com.ca.gateway.rest.commandline.command.GatewayCommand setClientConfig
WARNING: TLS server certificate check has been disabled
Jan 31, 2019 9:11:25 AM com.ca.gateway.rest.commandline.command.Command runCommand
INFO: Running Command: list
Jan 31, 2019 9:11:25 AM com.ca.gateway.rest.api.resource.a getApiEntityResourceFromTypeName
WARNING: Could not find ApiEntityResource for entity type: SOLUTION_KITS
org.springframework.beans.factory.NoSuchBeanDefinitionException: No bean named 'SOLUTION_KITSBeanTypeEntityResource' is defined
	at org.springframework.beans.factory.support.DefaultListableBeanFactory.getBeanDefinition(DefaultListableBeanFactory.java:529)
	at org.springframework.beans.factory.support.AbstractBeanFactory.getMergedLocalBeanDefinition(AbstractBeanFactory.java:1094)
	at org.springframework.beans.factory.support.AbstractBeanFactory.doGetBean(AbstractBeanFactory.java:276)
	at org.springframework.beans.factory.support.AbstractBeanFactory.getBean(AbstractBeanFactory.java:196)
	at org.springframework.beans.factory.support.AbstractBeanFactory.doGetBean(AbstractBeanFactory.java:268)
	at org.springframework.beans.factory.support.AbstractBeanFactory.getBean(AbstractBeanFactory.java:192)
	at org.springframework.context.support.AbstractApplicationContext.getBean(AbstractApplicationContext.java:1075)
	at com.ca.gateway.rest.api.resource.a.getApiEntityResourceFromTypeName(Unknown Source)
	at com.ca.gateway.rest.commandline.command.ListCommand.run(Unknown Source)
	at com.ca.gateway.rest.commandline.command.GatewayCommand.run(Unknown Source)
	at com.ca.gateway.rest.commandline.command.Command.runCommand(Unknown Source)
	at com.ca.gateway.rest.commandline.Main.main(Unknown Source)

Jan 31, 2019 9:11:25 AM com.ca.gateway.rest.commandline.command.Command runCommand
WARNING: Error executing command
org.springframework.beans.factory.NoSuchBeanDefinitionException: No bean named 'SOLUTION_KITSBeanTypeEntityResource' is defined
	at org.springframework.beans.factory.support.DefaultListableBeanFactory.getBeanDefinition(DefaultListableBeanFactory.java:529)
	at org.springframework.beans.factory.support.AbstractBeanFactory.getMergedLocalBeanDefinition(AbstractBeanFactory.java:1094)
	at org.springframework.beans.factory.support.AbstractBeanFactory.doGetBean(AbstractBeanFactory.java:276)
	at org.springframework.beans.factory.support.AbstractBeanFactory.getBean(AbstractBeanFactory.java:196)
	at org.springframework.beans.factory.support.AbstractBeanFactory.doGetBean(AbstractBeanFactory.java:268)
	at org.springframework.beans.factory.support.AbstractBeanFactory.getBean(AbstractBeanFactory.java:192)
	at org.springframework.context.support.AbstractApplicationContext.getBean(AbstractApplicationContext.java:1075)
	at com.ca.gateway.rest.api.resource.a.getApiEntityResourceFromTypeName(Unknown Source)
	at com.ca.gateway.rest.commandline.command.ListCommand.run(Unknown Source)
	at com.ca.gateway.rest.commandline.command.GatewayCommand.run(Unknown Source)
	at com.ca.gateway.rest.commandline.command.Command.runCommand(Unknown Source)
	at com.ca.gateway.rest.commandline.Main.main(Unknown Source)

Jan 31, 2019 9:11:47 AM com.ca.gateway.rest.commandline.command.GatewayCommand setClientConfig
WARNING: TLS hostname verification has been disabled
Jan 31, 2019 9:11:47 AM com.ca.gateway.rest.commandline.command.GatewayCommand setClientConfig
WARNING: TLS server certificate check has been disabled
Jan 31, 2019 9:11:47 AM com.ca.gateway.rest.commandline.command.Command runCommand
INFO: Running Command: list
Jan 31, 2019 9:14:00 AM com.ca.gateway.rest.commandline.command.GatewayCommand setClientConfig
WARNING: TLS hostname verification has been disabled
Jan 31, 2019 9:14:00 AM com.ca.gateway.rest.commandline.command.GatewayCommand setClientConfig
WARNING: TLS server certificate check has been disabled
Jan 31, 2019 9:14:00 AM com.ca.gateway.rest.commandline.command.Command runCommand
INFO: Running Command: list
Jan 31, 2019 9:14:47 AM com.ca.gateway.rest.commandline.command.GatewayCommand setClientConfig
WARNING: TLS hostname verification has been disabled
Jan 31, 2019 9:14:47 AM com.ca.gateway.rest.commandline.command.GatewayCommand setClientConfig
WARNING: TLS server certificate check has been disabled
Jan 31, 2019 9:14:47 AM com.ca.gateway.rest.commandline.command.Command runCommand
INFO: Running Command: list
